19:40:45.580 [JavaFX Application Thread] DEBUG GameApplication      - Logger initialized
19:40:45.595 [JavaFX Application Thread] DEBUG GameApplication      - Logging settings
Title: New Earth
Version: 0.1
Width: 1440
Height: 900
Fullscreen: false
Intro: false
Menus: false
Profiling: false
Single step:false
App Mode: DEVELOPER
Menu Key: ESCAPE
Stage Style: DECORATED
Scene Factory: class com.almasb.fxgl.scene.SceneFactory
Dialog Factory: class com.almasb.fxgl.ui.FXGLDialogFactory
UI Factory: class com.almasb.fxgl.ui.FXGLUIFactory
Notification Service: class com.almasb.fxgl.gameplay.notification.XboxNotificationView
Exception Handler: class com.almasb.fxgl.app.FXGLExceptionHandler
19:40:45.595 [JavaFX Application Thread] DEBUG GameApplication      - Starting FXGL
19:40:45.601 [JavaFX Application Thread] INFO  FXGL                 - FXGL-0.5.4 on DESKTOP
19:40:45.602 [JavaFX Application Thread] INFO  FXGL                 - Source code and latest versions at: https://github.com/AlmasB/FXGL
19:40:45.604 [JavaFX Application Thread] INFO  FXGL                 -              Join the FXGL chat at: https://gitter.im/AlmasB/FXGL
19:40:45.606 [JavaFX Application Thread] DEBUG FXGL                 - FXGL started
19:40:45.606 [JavaFX Application Thread] DEBUG FXGL                 - Initializing FXGL
19:40:45.675 [JavaFX Application Thread] DEBUG AssetLoader          - Loading from disk: /assets/ui/cursors/fxgl_default.png
19:40:45.769 [JavaFX Application Thread] DEBUG AssetLoader          - Loading from disk: /assets/ui/fonts/VarelaRound-Regular.ttf
19:40:46.168 [JavaFX Application Thread] DEBUG MainWindow           - Creating a JavaFX scene
19:40:46.213 [JavaFX Application Thread] DEBUG MainWindow           - Target settings size: 1440.0 x 900.0
19:40:46.214 [JavaFX Application Thread] DEBUG MainWindow           - Scaled scene size:    1440.0 x 900.0
19:40:46.214 [JavaFX Application Thread] DEBUG MainWindow           - Scaled ratio: (1.0, 1.0)
19:40:46.217 [JavaFX Application Thread] DEBUG AssetLoader          - Loading from disk: /assets/ui/css/fxgl_dark.css
19:40:46.221 [JavaFX Application Thread] DEBUG AssetLoader          - Loading from disk: /assets/textures/fxgl_icon.png
19:40:46.229 [JavaFX Application Thread] DEBUG MainWindow           - Opening main window
19:40:46.534 [JavaFX Application Thread] DEBUG MainWindow           - Window border size: (6.0, 29.0)
19:40:46.535 [JavaFX Application Thread] DEBUG MainWindow           - Scaled size: 1440.0 x 900.0
19:40:46.535 [JavaFX Application Thread] DEBUG MainWindow           - Scaled ratio: (1.0, 1.0)
19:40:46.535 [JavaFX Application Thread] DEBUG MainWindow           - Scene size: 1440.0 x 900.0
19:40:46.535 [JavaFX Application Thread] DEBUG MainWindow           - Stage size: 1446.0 x 929.0
19:40:46.578 [ForkJoinPool.commonPool-worker-1] DEBUG FS                   - Loaded DesktopFSService
19:40:46.580 [ForkJoinPool.commonPool-worker-1] DEBUG FXGL                 - Loading FXGL system data
19:40:46.585 [ForkJoinPool.commonPool-worker-1] DEBUG DesktopFSService     - Reading from: system\fxgl.bundle
19:40:46.599 [ForkJoinPool.commonPool-worker-1] DEBUG Bundle               - Logging bundle: FXGL
19:40:46.600 [ForkJoinPool.commonPool-worker-1] DEBUG Bundle               - FXGL.offline.timer.version.check=2019-01-29T12:55:25.967
19:40:46.600 [ForkJoinPool.commonPool-worker-1] DEBUG FXGL                 - Initializing state machine and application states
19:40:46.601 [ForkJoinPool.commonPool-worker-1] DEBUG AssetLoader          - Loading from disk: /assets/ui/cursors/fxgl_default.png
19:40:46.610 [ForkJoinPool.commonPool-worker-1] DEBUG AssetLoader          - Loading from disk: /assets/ui/cursors/fxgl_default.png
19:40:46.618 [ForkJoinPool.commonPool-worker-1] DEBUG AssetLoader          - Loading from cache: /assets/ui/fonts/VarelaRound-Regular.ttf
19:40:46.620 [ForkJoinPool.commonPool-worker-1] DEBUG AssetLoader          - Loading from disk: /assets/ui/cursors/fxgl_default.png
19:40:46.633 [ForkJoinPool.commonPool-worker-1] DEBUG GameScene            - Game scene initialized: 1440x900
19:40:46.641 [ForkJoinPool.commonPool-worker-1] DEBUG GameWorld            - Game world initialized
19:40:46.702 [ForkJoinPool.commonPool-worker-1] DEBUG PhysicsWorld         - Physics world initialized: appHeight=900, physics.ppm=50,0
19:40:46.733 [ForkJoinPool.commonPool-worker-1] DEBUG Input                - Registered new binding: Pause - Esc
19:40:46.792 [JavaFX Application Thread] DEBUG FXGL                 - Running preInit()
19:40:46.794 [JavaFX Application Thread] DEBUG Input                - Registered new binding: Screenshot - P
19:40:46.794 [JavaFX Application Thread] DEBUG Input                - Registered new binding: Dev Options - CTRL+0
19:40:46.794 [JavaFX Application Thread] DEBUG Input                - Registered new binding: System info dump - CTRL+9
19:40:46.795 [JavaFX Application Thread] DEBUG Input                - Registered new binding: Restart - CTRL+R
19:40:46.795 [JavaFX Application Thread] INFO  FXGL                 - FXGL initialization took: 1,189 sec
19:40:46.796 [JavaFX Application Thread] DEBUG LoopRunner           - Starting loop
19:40:46.797 [JavaFX Application Thread] DEBUG StartupState         - STARTUP
19:40:46.798 [JavaFX Application Thread] DEBUG GameApplication      - Starting new game
19:40:46.798 [JavaFX Application Thread] DEBUG Input                - Clearing active input actions
19:40:46.799 [JavaFX Application Thread] DEBUG AssetLoader          - Loading from disk: /assets/ui/css/fxgl_dark.css
19:40:46.807 [JavaFX Application Thread] DEBUG AppStateMachine      - StartupState -> LoadingState
19:40:46.813 [FXGL Background Thread 1 ] DEBUG InitAppTask          - Clearing previous game
19:40:46.813 [FXGL Background Thread 1 ] DEBUG GameWorld            - Clearing game world
19:40:46.814 [FXGL Background Thread 1 ] DEBUG PhysicsWorld         - Clearing physics world
19:40:46.814 [FXGL Background Thread 1 ] DEBUG GameScene            - Clearing game scene
19:40:46.815 [FXGL Background Thread 1 ] DEBUG InitAppTask          - Initializing Game
19:40:46.830 [FXGL Background Thread 1 ] DEBUG InitAppTask          - Initializing Physics
19:40:46.830 [FXGL Background Thread 1 ] DEBUG InitAppTask          - Initializing UI
19:40:46.833 [FXGL Background Thread 1 ] DEBUG AssetLoader          - Loading from disk: /assets/textures/roma-kupriyanov-14.jpg
19:40:46.940 [FXGL Background Thread 1 ] DEBUG InitAppTask          - Initialization Complete
19:40:46.940 [FXGL Background Thread 1 ] INFO  InitAppTask          - Game initialization took: 0,127 sec
19:40:46.953 [JavaFX Application Thread] DEBUG Input                - Clearing active input actions
19:40:46.953 [JavaFX Application Thread] DEBUG AssetLoader          - Loading from disk: /assets/ui/css/fxgl_dark.css
19:40:46.963 [JavaFX Application Thread] DEBUG AppStateMachine      - LoadingState -> PlayState
19:40:47.508 [JavaFX Application Thread] DEBUG AssetLoader          - Loading from disk: /assets/textures/tieflingsoldiermelee.jpg
19:40:47.672 [JavaFX Application Thread] DEBUG AssetLoader          - Loading from disk: /assets/json/world(0,0).json
19:40:47.917 [JavaFX Application Thread] DEBUG GameWorld            - Clearing removable entities
19:40:47.917 [JavaFX Application Thread] DEBUG GameWorld            - Setting level from map
19:40:47.937 [JavaFX Application Thread] DEBUG AssetLoader          - Loading from disk: /assets/textures/RPGpack_sheet.png
19:40:47.987 [JavaFX Application Thread] DEBUG AssetLoader          - Loading from cache: /assets/textures/RPGpack_sheet.png
19:40:47.987 [JavaFX Application Thread] DEBUG AssetLoader          - Loading from cache: /assets/textures/RPGpack_sheet.png
19:40:47.987 [JavaFX Application Thread] DEBUG AssetLoader          - Loading from cache: /assets/textures/RPGpack_sheet.png
19:40:47.987 [JavaFX Application Thread] DEBUG AssetLoader          - Loading from cache: /assets/textures/RPGpack_sheet.png
19:40:47.987 [JavaFX Application Thread] DEBUG AssetLoader          - Loading from cache: /assets/textures/RPGpack_sheet.png
19:40:47.988 [JavaFX Application Thread] DEBUG AssetLoader          - Loading from cache: /assets/textures/RPGpack_sheet.png
19:40:47.988 [JavaFX Application Thread] DEBUG AssetLoader          - Loading from cache: /assets/textures/RPGpack_sheet.png
19:40:47.988 [JavaFX Application Thread] DEBUG AssetLoader          - Loading from cache: /assets/textures/RPGpack_sheet.png
19:40:47.988 [JavaFX Application Thread] DEBUG AssetLoader          - Loading from cache: /assets/textures/RPGpack_sheet.png
19:40:47.988 [JavaFX Application Thread] DEBUG AssetLoader          - Loading from cache: /assets/textures/RPGpack_sheet.png
19:40:47.988 [JavaFX Application Thread] DEBUG AssetLoader          - Loading from cache: /assets/textures/RPGpack_sheet.png
19:40:47.989 [JavaFX Application Thread] DEBUG AssetLoader          - Loading from cache: /assets/textures/RPGpack_sheet.png
19:40:47.989 [JavaFX Application Thread] DEBUG AssetLoader          - Loading from cache: /assets/textures/RPGpack_sheet.png
19:40:47.989 [JavaFX Application Thread] DEBUG AssetLoader          - Loading from cache: /assets/textures/RPGpack_sheet.png
19:40:47.989 [JavaFX Application Thread] DEBUG AssetLoader          - Loading from cache: /assets/textures/RPGpack_sheet.png
19:40:47.989 [JavaFX Application Thread] DEBUG AssetLoader          - Loading from cache: /assets/textures/RPGpack_sheet.png
19:40:47.989 [JavaFX Application Thread] DEBUG AssetLoader          - Loading from cache: /assets/textures/RPGpack_sheet.png
19:40:47.989 [JavaFX Application Thread] DEBUG AssetLoader          - Loading from cache: /assets/textures/RPGpack_sheet.png
19:40:47.990 [JavaFX Application Thread] DEBUG AssetLoader          - Loading from cache: /assets/textures/RPGpack_sheet.png
19:40:47.990 [JavaFX Application Thread] DEBUG AssetLoader          - Loading from cache: /assets/textures/RPGpack_sheet.png
19:40:47.990 [JavaFX Application Thread] DEBUG AssetLoader          - Loading from cache: /assets/textures/RPGpack_sheet.png
19:40:48.015 [JavaFX Application Thread] DEBUG AssetLoader          - Loading from cache: /assets/textures/RPGpack_sheet.png
19:40:48.015 [JavaFX Application Thread] DEBUG AssetLoader          - Loading from cache: /assets/textures/RPGpack_sheet.png
19:40:48.016 [JavaFX Application Thread] DEBUG AssetLoader          - Loading from cache: /assets/textures/RPGpack_sheet.png
19:40:48.016 [JavaFX Application Thread] DEBUG AssetLoader          - Loading from cache: /assets/textures/RPGpack_sheet.png
19:40:48.016 [JavaFX Application Thread] DEBUG AssetLoader          - Loading from cache: /assets/textures/RPGpack_sheet.png
19:40:48.016 [JavaFX Application Thread] DEBUG AssetLoader          - Loading from cache: /assets/textures/RPGpack_sheet.png
19:40:48.016 [JavaFX Application Thread] DEBUG AssetLoader          - Loading from cache: /assets/textures/RPGpack_sheet.png
19:40:48.016 [JavaFX Application Thread] DEBUG AssetLoader          - Loading from cache: /assets/textures/RPGpack_sheet.png
19:40:48.016 [JavaFX Application Thread] DEBUG AssetLoader          - Loading from cache: /assets/textures/RPGpack_sheet.png
19:40:48.017 [JavaFX Application Thread] DEBUG AssetLoader          - Loading from cache: /assets/textures/RPGpack_sheet.png
19:40:48.017 [JavaFX Application Thread] DEBUG AssetLoader          - Loading from cache: /assets/textures/RPGpack_sheet.png
19:40:48.017 [JavaFX Application Thread] DEBUG AssetLoader          - Loading from cache: /assets/textures/RPGpack_sheet.png
19:40:48.017 [JavaFX Application Thread] DEBUG AssetLoader          - Loading from cache: /assets/textures/RPGpack_sheet.png
19:40:48.017 [JavaFX Application Thread] DEBUG AssetLoader          - Loading from cache: /assets/textures/RPGpack_sheet.png
19:40:48.017 [JavaFX Application Thread] DEBUG AssetLoader          - Loading from cache: /assets/textures/RPGpack_sheet.png
19:40:48.018 [JavaFX Application Thread] DEBUG AssetLoader          - Loading from cache: /assets/textures/RPGpack_sheet.png
19:40:48.018 [JavaFX Application Thread] DEBUG AssetLoader          - Loading from cache: /assets/textures/RPGpack_sheet.png
19:40:48.018 [JavaFX Application Thread] DEBUG AssetLoader          - Loading from cache: /assets/textures/RPGpack_sheet.png
19:40:48.018 [JavaFX Application Thread] DEBUG AssetLoader          - Loading from cache: /assets/textures/RPGpack_sheet.png
19:40:48.018 [JavaFX Application Thread] DEBUG AssetLoader          - Loading from cache: /assets/textures/RPGpack_sheet.png
19:40:48.018 [JavaFX Application Thread] DEBUG AssetLoader          - Loading from cache: /assets/textures/RPGpack_sheet.png
19:40:48.019 [JavaFX Application Thread] DEBUG AssetLoader          - Loading from cache: /assets/textures/RPGpack_sheet.png
19:40:48.019 [JavaFX Application Thread] DEBUG AssetLoader          - Loading from cache: /assets/textures/RPGpack_sheet.png
19:40:48.019 [JavaFX Application Thread] DEBUG AssetLoader          - Loading from cache: /assets/textures/RPGpack_sheet.png
19:40:48.019 [JavaFX Application Thread] DEBUG AssetLoader          - Loading from cache: /assets/textures/RPGpack_sheet.png
19:40:48.019 [JavaFX Application Thread] DEBUG AssetLoader          - Loading from cache: /assets/textures/RPGpack_sheet.png
19:40:48.019 [JavaFX Application Thread] DEBUG AssetLoader          - Loading from cache: /assets/textures/RPGpack_sheet.png
19:40:48.019 [JavaFX Application Thread] DEBUG AssetLoader          - Loading from cache: /assets/textures/RPGpack_sheet.png
19:40:48.020 [JavaFX Application Thread] DEBUG AssetLoader          - Loading from cache: /assets/textures/RPGpack_sheet.png
19:40:48.020 [JavaFX Application Thread] DEBUG AssetLoader          - Loading from cache: /assets/textures/RPGpack_sheet.png
19:40:48.020 [JavaFX Application Thread] DEBUG AssetLoader          - Loading from cache: /assets/textures/RPGpack_sheet.png
19:40:48.020 [JavaFX Application Thread] DEBUG AssetLoader          - Loading from cache: /assets/textures/RPGpack_sheet.png
19:40:48.020 [JavaFX Application Thread] DEBUG AssetLoader          - Loading from cache: /assets/textures/RPGpack_sheet.png
19:40:48.021 [JavaFX Application Thread] DEBUG AssetLoader          - Loading from cache: /assets/textures/RPGpack_sheet.png
19:40:48.021 [JavaFX Application Thread] DEBUG AssetLoader          - Loading from cache: /assets/textures/RPGpack_sheet.png
19:40:48.021 [JavaFX Application Thread] DEBUG AssetLoader          - Loading from cache: /assets/textures/RPGpack_sheet.png
19:40:48.021 [JavaFX Application Thread] DEBUG AssetLoader          - Loading from cache: /assets/textures/RPGpack_sheet.png
19:40:48.021 [JavaFX Application Thread] DEBUG AssetLoader          - Loading from cache: /assets/textures/RPGpack_sheet.png
19:40:48.021 [JavaFX Application Thread] DEBUG AssetLoader          - Loading from cache: /assets/textures/RPGpack_sheet.png
19:40:48.021 [JavaFX Application Thread] DEBUG AssetLoader          - Loading from cache: /assets/textures/RPGpack_sheet.png
19:40:48.022 [JavaFX Application Thread] DEBUG AssetLoader          - Loading from cache: /assets/textures/RPGpack_sheet.png
19:40:48.022 [JavaFX Application Thread] DEBUG AssetLoader          - Loading from cache: /assets/textures/RPGpack_sheet.png
19:40:48.022 [JavaFX Application Thread] DEBUG AssetLoader          - Loading from cache: /assets/textures/RPGpack_sheet.png
19:40:48.022 [JavaFX Application Thread] DEBUG AssetLoader          - Loading from cache: /assets/textures/RPGpack_sheet.png
19:40:48.022 [JavaFX Application Thread] DEBUG AssetLoader          - Loading from cache: /assets/textures/RPGpack_sheet.png
19:40:48.022 [JavaFX Application Thread] DEBUG AssetLoader          - Loading from cache: /assets/textures/RPGpack_sheet.png
19:40:48.022 [JavaFX Application Thread] DEBUG AssetLoader          - Loading from cache: /assets/textures/RPGpack_sheet.png
19:40:48.023 [JavaFX Application Thread] DEBUG AssetLoader          - Loading from cache: /assets/textures/RPGpack_sheet.png
19:40:48.023 [JavaFX Application Thread] DEBUG AssetLoader          - Loading from cache: /assets/textures/RPGpack_sheet.png
19:40:48.023 [JavaFX Application Thread] DEBUG AssetLoader          - Loading from cache: /assets/textures/RPGpack_sheet.png
19:40:48.023 [JavaFX Application Thread] DEBUG AssetLoader          - Loading from cache: /assets/textures/RPGpack_sheet.png
19:40:48.023 [JavaFX Application Thread] DEBUG AssetLoader          - Loading from cache: /assets/textures/RPGpack_sheet.png
19:40:48.023 [JavaFX Application Thread] DEBUG AssetLoader          - Loading from cache: /assets/textures/RPGpack_sheet.png
19:40:48.023 [JavaFX Application Thread] DEBUG AssetLoader          - Loading from cache: /assets/textures/RPGpack_sheet.png
19:40:48.024 [JavaFX Application Thread] DEBUG AssetLoader          - Loading from cache: /assets/textures/RPGpack_sheet.png
19:40:48.024 [JavaFX Application Thread] DEBUG AssetLoader          - Loading from cache: /assets/textures/RPGpack_sheet.png
19:40:48.024 [JavaFX Application Thread] DEBUG AssetLoader          - Loading from cache: /assets/textures/RPGpack_sheet.png
19:40:48.024 [JavaFX Application Thread] DEBUG AssetLoader          - Loading from cache: /assets/textures/RPGpack_sheet.png
19:40:48.024 [JavaFX Application Thread] DEBUG AssetLoader          - Loading from cache: /assets/textures/RPGpack_sheet.png
19:40:48.024 [JavaFX Application Thread] DEBUG AssetLoader          - Loading from cache: /assets/textures/RPGpack_sheet.png
19:40:48.024 [JavaFX Application Thread] DEBUG AssetLoader          - Loading from cache: /assets/textures/RPGpack_sheet.png
19:40:48.024 [JavaFX Application Thread] DEBUG AssetLoader          - Loading from cache: /assets/textures/RPGpack_sheet.png
19:40:48.025 [JavaFX Application Thread] DEBUG AssetLoader          - Loading from cache: /assets/textures/RPGpack_sheet.png
19:40:48.025 [JavaFX Application Thread] DEBUG AssetLoader          - Loading from cache: /assets/textures/RPGpack_sheet.png
19:40:48.025 [JavaFX Application Thread] DEBUG AssetLoader          - Loading from cache: /assets/textures/RPGpack_sheet.png
19:40:48.025 [JavaFX Application Thread] DEBUG AssetLoader          - Loading from cache: /assets/textures/RPGpack_sheet.png
19:40:48.025 [JavaFX Application Thread] DEBUG AssetLoader          - Loading from cache: /assets/textures/RPGpack_sheet.png
19:40:48.025 [JavaFX Application Thread] DEBUG AssetLoader          - Loading from cache: /assets/textures/RPGpack_sheet.png
19:40:48.025 [JavaFX Application Thread] DEBUG AssetLoader          - Loading from cache: /assets/textures/RPGpack_sheet.png
19:40:48.026 [JavaFX Application Thread] DEBUG AssetLoader          - Loading from cache: /assets/textures/RPGpack_sheet.png
19:40:48.026 [JavaFX Application Thread] DEBUG AssetLoader          - Loading from cache: /assets/textures/RPGpack_sheet.png
19:40:48.026 [JavaFX Application Thread] DEBUG AssetLoader          - Loading from cache: /assets/textures/RPGpack_sheet.png
19:40:48.026 [JavaFX Application Thread] DEBUG AssetLoader          - Loading from cache: /assets/textures/RPGpack_sheet.png
19:40:48.026 [JavaFX Application Thread] DEBUG AssetLoader          - Loading from cache: /assets/textures/RPGpack_sheet.png
19:40:48.026 [JavaFX Application Thread] DEBUG AssetLoader          - Loading from cache: /assets/textures/RPGpack_sheet.png
19:40:48.026 [JavaFX Application Thread] DEBUG AssetLoader          - Loading from cache: /assets/textures/RPGpack_sheet.png
19:40:48.026 [JavaFX Application Thread] DEBUG AssetLoader          - Loading from cache: /assets/textures/RPGpack_sheet.png
19:40:48.027 [JavaFX Application Thread] DEBUG AssetLoader          - Loading from cache: /assets/textures/RPGpack_sheet.png
19:40:48.027 [JavaFX Application Thread] DEBUG AssetLoader          - Loading from cache: /assets/textures/RPGpack_sheet.png
19:40:48.027 [JavaFX Application Thread] DEBUG AssetLoader          - Loading from cache: /assets/textures/RPGpack_sheet.png
19:40:48.027 [JavaFX Application Thread] DEBUG AssetLoader          - Loading from cache: /assets/textures/RPGpack_sheet.png
19:40:48.027 [JavaFX Application Thread] DEBUG AssetLoader          - Loading from cache: /assets/textures/RPGpack_sheet.png
19:40:48.027 [JavaFX Application Thread] DEBUG AssetLoader          - Loading from cache: /assets/textures/RPGpack_sheet.png
19:40:48.027 [JavaFX Application Thread] DEBUG AssetLoader          - Loading from cache: /assets/textures/RPGpack_sheet.png
19:40:48.028 [JavaFX Application Thread] DEBUG AssetLoader          - Loading from cache: /assets/textures/RPGpack_sheet.png
19:40:48.028 [JavaFX Application Thread] DEBUG AssetLoader          - Loading from cache: /assets/textures/RPGpack_sheet.png
19:40:48.028 [JavaFX Application Thread] DEBUG AssetLoader          - Loading from cache: /assets/textures/RPGpack_sheet.png
19:40:48.028 [JavaFX Application Thread] DEBUG AssetLoader          - Loading from cache: /assets/textures/RPGpack_sheet.png
19:40:48.028 [JavaFX Application Thread] DEBUG AssetLoader          - Loading from cache: /assets/textures/RPGpack_sheet.png
19:40:48.028 [JavaFX Application Thread] DEBUG AssetLoader          - Loading from cache: /assets/textures/RPGpack_sheet.png
19:40:48.028 [JavaFX Application Thread] DEBUG AssetLoader          - Loading from cache: /assets/textures/RPGpack_sheet.png
19:40:48.029 [JavaFX Application Thread] DEBUG AssetLoader          - Loading from cache: /assets/textures/RPGpack_sheet.png
19:40:48.029 [JavaFX Application Thread] DEBUG AssetLoader          - Loading from cache: /assets/textures/RPGpack_sheet.png
19:40:48.029 [JavaFX Application Thread] DEBUG AssetLoader          - Loading from cache: /assets/textures/RPGpack_sheet.png
19:40:48.029 [JavaFX Application Thread] DEBUG AssetLoader          - Loading from cache: /assets/textures/RPGpack_sheet.png
19:40:48.029 [JavaFX Application Thread] DEBUG AssetLoader          - Loading from cache: /assets/textures/RPGpack_sheet.png
19:40:48.029 [JavaFX Application Thread] DEBUG AssetLoader          - Loading from cache: /assets/textures/RPGpack_sheet.png
19:40:48.029 [JavaFX Application Thread] DEBUG AssetLoader          - Loading from cache: /assets/textures/RPGpack_sheet.png
19:40:48.030 [JavaFX Application Thread] DEBUG AssetLoader          - Loading from cache: /assets/textures/RPGpack_sheet.png
19:40:48.030 [JavaFX Application Thread] DEBUG AssetLoader          - Loading from cache: /assets/textures/RPGpack_sheet.png
19:40:48.030 [JavaFX Application Thread] DEBUG AssetLoader          - Loading from cache: /assets/textures/RPGpack_sheet.png
19:40:48.030 [JavaFX Application Thread] DEBUG AssetLoader          - Loading from cache: /assets/textures/RPGpack_sheet.png
19:40:48.030 [JavaFX Application Thread] DEBUG AssetLoader          - Loading from cache: /assets/textures/RPGpack_sheet.png
19:40:48.030 [JavaFX Application Thread] DEBUG AssetLoader          - Loading from cache: /assets/textures/RPGpack_sheet.png
19:40:48.030 [JavaFX Application Thread] DEBUG AssetLoader          - Loading from cache: /assets/textures/RPGpack_sheet.png
19:40:48.031 [JavaFX Application Thread] DEBUG AssetLoader          - Loading from cache: /assets/textures/RPGpack_sheet.png
19:40:48.031 [JavaFX Application Thread] DEBUG AssetLoader          - Loading from cache: /assets/textures/RPGpack_sheet.png
19:40:48.031 [JavaFX Application Thread] DEBUG AssetLoader          - Loading from cache: /assets/textures/RPGpack_sheet.png
19:40:48.031 [JavaFX Application Thread] DEBUG AssetLoader          - Loading from cache: /assets/textures/RPGpack_sheet.png
19:40:48.031 [JavaFX Application Thread] DEBUG AssetLoader          - Loading from cache: /assets/textures/RPGpack_sheet.png
19:40:48.031 [JavaFX Application Thread] DEBUG AssetLoader          - Loading from cache: /assets/textures/RPGpack_sheet.png
19:40:48.031 [JavaFX Application Thread] DEBUG AssetLoader          - Loading from cache: /assets/textures/RPGpack_sheet.png
19:40:48.031 [JavaFX Application Thread] DEBUG AssetLoader          - Loading from cache: /assets/textures/RPGpack_sheet.png
19:40:48.032 [JavaFX Application Thread] DEBUG AssetLoader          - Loading from cache: /assets/textures/RPGpack_sheet.png
19:40:48.032 [JavaFX Application Thread] DEBUG AssetLoader          - Loading from cache: /assets/textures/RPGpack_sheet.png
19:40:48.032 [JavaFX Application Thread] DEBUG AssetLoader          - Loading from cache: /assets/textures/RPGpack_sheet.png
19:40:48.032 [JavaFX Application Thread] DEBUG AssetLoader          - Loading from cache: /assets/textures/RPGpack_sheet.png
19:40:48.032 [JavaFX Application Thread] DEBUG AssetLoader          - Loading from cache: /assets/textures/RPGpack_sheet.png
19:40:48.032 [JavaFX Application Thread] DEBUG AssetLoader          - Loading from cache: /assets/textures/RPGpack_sheet.png
19:40:48.032 [JavaFX Application Thread] DEBUG AssetLoader          - Loading from cache: /assets/textures/RPGpack_sheet.png
19:40:48.032 [JavaFX Application Thread] DEBUG AssetLoader          - Loading from cache: /assets/textures/RPGpack_sheet.png
19:40:48.033 [JavaFX Application Thread] DEBUG AssetLoader          - Loading from cache: /assets/textures/RPGpack_sheet.png
19:40:48.033 [JavaFX Application Thread] DEBUG AssetLoader          - Loading from cache: /assets/textures/RPGpack_sheet.png
19:40:48.033 [JavaFX Application Thread] DEBUG AssetLoader          - Loading from cache: /assets/textures/RPGpack_sheet.png
19:40:48.033 [JavaFX Application Thread] DEBUG AssetLoader          - Loading from cache: /assets/textures/RPGpack_sheet.png
19:40:48.033 [JavaFX Application Thread] DEBUG AssetLoader          - Loading from cache: /assets/textures/RPGpack_sheet.png
19:40:48.033 [JavaFX Application Thread] DEBUG AssetLoader          - Loading from cache: /assets/textures/RPGpack_sheet.png
19:40:48.033 [JavaFX Application Thread] DEBUG AssetLoader          - Loading from cache: /assets/textures/RPGpack_sheet.png
19:40:48.036 [JavaFX Application Thread] DEBUG GameScene            - Creating render group for layer: BACKGROUND(1000)
19:40:48.038 [JavaFX Application Thread] DEBUG AssetLoader          - Loading from cache: /assets/textures/RPGpack_sheet.png
19:40:48.039 [JavaFX Application Thread] DEBUG AssetLoader          - Loading from cache: /assets/textures/RPGpack_sheet.png
19:40:48.039 [JavaFX Application Thread] DEBUG AssetLoader          - Loading from cache: /assets/textures/RPGpack_sheet.png
19:40:48.039 [JavaFX Application Thread] DEBUG AssetLoader          - Loading from cache: /assets/textures/RPGpack_sheet.png
19:40:48.039 [JavaFX Application Thread] DEBUG AssetLoader          - Loading from cache: /assets/textures/RPGpack_sheet.png
19:40:48.040 [JavaFX Application Thread] DEBUG AssetLoader          - Loading from cache: /assets/textures/RPGpack_sheet.png
19:40:48.040 [JavaFX Application Thread] DEBUG AssetLoader          - Loading from cache: /assets/textures/RPGpack_sheet.png
19:40:48.040 [JavaFX Application Thread] DEBUG AssetLoader          - Loading from cache: /assets/textures/RPGpack_sheet.png
19:40:48.040 [JavaFX Application Thread] DEBUG AssetLoader          - Loading from cache: /assets/textures/RPGpack_sheet.png
19:40:48.040 [JavaFX Application Thread] DEBUG AssetLoader          - Loading from cache: /assets/textures/RPGpack_sheet.png
19:40:48.040 [JavaFX Application Thread] DEBUG AssetLoader          - Loading from cache: /assets/textures/RPGpack_sheet.png
19:40:48.040 [JavaFX Application Thread] DEBUG AssetLoader          - Loading from cache: /assets/textures/RPGpack_sheet.png
19:40:48.040 [JavaFX Application Thread] DEBUG AssetLoader          - Loading from cache: /assets/textures/RPGpack_sheet.png
19:40:48.041 [JavaFX Application Thread] DEBUG AssetLoader          - Loading from cache: /assets/textures/RPGpack_sheet.png
19:40:48.041 [JavaFX Application Thread] DEBUG AssetLoader          - Loading from cache: /assets/textures/RPGpack_sheet.png
19:40:48.041 [JavaFX Application Thread] DEBUG AssetLoader          - Loading from cache: /assets/textures/RPGpack_sheet.png
19:40:48.041 [JavaFX Application Thread] DEBUG AssetLoader          - Loading from cache: /assets/textures/RPGpack_sheet.png
19:40:48.041 [JavaFX Application Thread] DEBUG AssetLoader          - Loading from cache: /assets/textures/RPGpack_sheet.png
19:40:48.041 [JavaFX Application Thread] DEBUG AssetLoader          - Loading from cache: /assets/textures/RPGpack_sheet.png
19:40:48.041 [JavaFX Application Thread] DEBUG AssetLoader          - Loading from cache: /assets/textures/RPGpack_sheet.png
19:40:48.042 [JavaFX Application Thread] DEBUG AssetLoader          - Loading from cache: /assets/textures/RPGpack_sheet.png
19:40:48.042 [JavaFX Application Thread] DEBUG AssetLoader          - Loading from cache: /assets/textures/RPGpack_sheet.png
19:40:48.042 [JavaFX Application Thread] DEBUG AssetLoader          - Loading from cache: /assets/textures/RPGpack_sheet.png
19:40:48.042 [JavaFX Application Thread] DEBUG AssetLoader          - Loading from cache: /assets/textures/RPGpack_sheet.png
19:40:48.042 [JavaFX Application Thread] DEBUG AssetLoader          - Loading from cache: /assets/textures/RPGpack_sheet.png
19:40:48.042 [JavaFX Application Thread] DEBUG AssetLoader          - Loading from cache: /assets/textures/RPGpack_sheet.png
19:40:48.042 [JavaFX Application Thread] DEBUG AssetLoader          - Loading from cache: /assets/textures/RPGpack_sheet.png
19:40:48.042 [JavaFX Application Thread] DEBUG AssetLoader          - Loading from cache: /assets/textures/RPGpack_sheet.png
19:40:48.043 [JavaFX Application Thread] DEBUG AssetLoader          - Loading from cache: /assets/textures/RPGpack_sheet.png
19:40:48.043 [JavaFX Application Thread] DEBUG AssetLoader          - Loading from cache: /assets/textures/RPGpack_sheet.png
19:40:48.043 [JavaFX Application Thread] DEBUG AssetLoader          - Loading from cache: /assets/textures/RPGpack_sheet.png
19:40:48.043 [JavaFX Application Thread] DEBUG AssetLoader          - Loading from cache: /assets/textures/RPGpack_sheet.png
19:40:48.043 [JavaFX Application Thread] DEBUG AssetLoader          - Loading from cache: /assets/textures/RPGpack_sheet.png
19:40:48.043 [JavaFX Application Thread] DEBUG AssetLoader          - Loading from cache: /assets/textures/RPGpack_sheet.png
19:40:48.043 [JavaFX Application Thread] DEBUG AssetLoader          - Loading from cache: /assets/textures/RPGpack_sheet.png
19:40:48.043 [JavaFX Application Thread] DEBUG AssetLoader          - Loading from cache: /assets/textures/RPGpack_sheet.png
19:40:48.044 [JavaFX Application Thread] DEBUG AssetLoader          - Loading from cache: /assets/textures/RPGpack_sheet.png
19:40:48.044 [JavaFX Application Thread] DEBUG AssetLoader          - Loading from cache: /assets/textures/RPGpack_sheet.png
19:40:48.044 [JavaFX Application Thread] DEBUG AssetLoader          - Loading from cache: /assets/textures/RPGpack_sheet.png
19:40:48.044 [JavaFX Application Thread] DEBUG AssetLoader          - Loading from cache: /assets/textures/RPGpack_sheet.png
19:40:48.044 [JavaFX Application Thread] DEBUG AssetLoader          - Loading from cache: /assets/textures/RPGpack_sheet.png
19:40:48.044 [JavaFX Application Thread] DEBUG AssetLoader          - Loading from cache: /assets/textures/RPGpack_sheet.png
19:40:48.044 [JavaFX Application Thread] DEBUG AssetLoader          - Loading from cache: /assets/textures/RPGpack_sheet.png
19:40:48.044 [JavaFX Application Thread] DEBUG AssetLoader          - Loading from cache: /assets/textures/RPGpack_sheet.png
19:40:48.044 [JavaFX Application Thread] DEBUG AssetLoader          - Loading from cache: /assets/textures/RPGpack_sheet.png
19:40:48.045 [JavaFX Application Thread] DEBUG AssetLoader          - Loading from cache: /assets/textures/RPGpack_sheet.png
19:40:48.045 [JavaFX Application Thread] DEBUG AssetLoader          - Loading from cache: /assets/textures/RPGpack_sheet.png
19:40:48.045 [JavaFX Application Thread] DEBUG AssetLoader          - Loading from cache: /assets/textures/RPGpack_sheet.png
19:40:48.045 [JavaFX Application Thread] DEBUG AssetLoader          - Loading from cache: /assets/textures/RPGpack_sheet.png
19:40:48.045 [JavaFX Application Thread] DEBUG AssetLoader          - Loading from cache: /assets/textures/RPGpack_sheet.png
19:40:48.045 [JavaFX Application Thread] DEBUG AssetLoader          - Loading from cache: /assets/textures/RPGpack_sheet.png
19:40:48.045 [JavaFX Application Thread] DEBUG AssetLoader          - Loading from cache: /assets/textures/RPGpack_sheet.png
19:40:48.045 [JavaFX Application Thread] DEBUG AssetLoader          - Loading from cache: /assets/textures/RPGpack_sheet.png
19:40:48.046 [JavaFX Application Thread] DEBUG AssetLoader          - Loading from cache: /assets/textures/RPGpack_sheet.png
19:40:48.046 [JavaFX Application Thread] DEBUG AssetLoader          - Loading from cache: /assets/textures/RPGpack_sheet.png
19:40:48.047 [JavaFX Application Thread] DEBUG AssetLoader          - Loading from cache: /assets/textures/RPGpack_sheet.png
19:40:48.047 [JavaFX Application Thread] DEBUG AssetLoader          - Loading from cache: /assets/textures/RPGpack_sheet.png
19:40:48.047 [JavaFX Application Thread] DEBUG AssetLoader          - Loading from cache: /assets/textures/RPGpack_sheet.png
19:40:48.047 [JavaFX Application Thread] DEBUG AssetLoader          - Loading from cache: /assets/textures/RPGpack_sheet.png
19:40:48.047 [JavaFX Application Thread] DEBUG AssetLoader          - Loading from cache: /assets/textures/RPGpack_sheet.png
19:40:48.047 [JavaFX Application Thread] DEBUG AssetLoader          - Loading from cache: /assets/textures/RPGpack_sheet.png
19:40:48.047 [JavaFX Application Thread] DEBUG AssetLoader          - Loading from cache: /assets/textures/RPGpack_sheet.png
19:40:48.047 [JavaFX Application Thread] DEBUG AssetLoader          - Loading from cache: /assets/textures/RPGpack_sheet.png
19:40:48.047 [JavaFX Application Thread] DEBUG AssetLoader          - Loading from cache: /assets/textures/RPGpack_sheet.png
19:40:48.048 [JavaFX Application Thread] DEBUG AssetLoader          - Loading from cache: /assets/textures/RPGpack_sheet.png
19:40:48.048 [JavaFX Application Thread] DEBUG AssetLoader          - Loading from cache: /assets/textures/RPGpack_sheet.png
19:40:48.048 [JavaFX Application Thread] DEBUG AssetLoader          - Loading from cache: /assets/textures/RPGpack_sheet.png
19:40:48.048 [JavaFX Application Thread] DEBUG AssetLoader          - Loading from cache: /assets/textures/RPGpack_sheet.png
19:40:48.048 [JavaFX Application Thread] DEBUG AssetLoader          - Loading from cache: /assets/textures/RPGpack_sheet.png
19:40:48.048 [JavaFX Application Thread] DEBUG AssetLoader          - Loading from cache: /assets/textures/RPGpack_sheet.png
19:40:48.048 [JavaFX Application Thread] DEBUG AssetLoader          - Loading from cache: /assets/textures/RPGpack_sheet.png
19:40:48.048 [JavaFX Application Thread] DEBUG AssetLoader          - Loading from cache: /assets/textures/RPGpack_sheet.png
19:40:48.049 [JavaFX Application Thread] DEBUG AssetLoader          - Loading from cache: /assets/textures/RPGpack_sheet.png
19:40:48.049 [JavaFX Application Thread] DEBUG AssetLoader          - Loading from cache: /assets/textures/RPGpack_sheet.png
19:40:48.049 [JavaFX Application Thread] DEBUG AssetLoader          - Loading from cache: /assets/textures/RPGpack_sheet.png
19:40:48.049 [JavaFX Application Thread] DEBUG AssetLoader          - Loading from cache: /assets/textures/RPGpack_sheet.png
19:40:48.049 [JavaFX Application Thread] DEBUG AssetLoader          - Loading from cache: /assets/textures/RPGpack_sheet.png
19:40:48.049 [JavaFX Application Thread] DEBUG AssetLoader          - Loading from cache: /assets/textures/RPGpack_sheet.png
19:40:48.049 [JavaFX Application Thread] DEBUG AssetLoader          - Loading from cache: /assets/textures/RPGpack_sheet.png
19:40:48.049 [JavaFX Application Thread] DEBUG AssetLoader          - Loading from cache: /assets/textures/RPGpack_sheet.png
19:40:48.049 [JavaFX Application Thread] DEBUG AssetLoader          - Loading from cache: /assets/textures/RPGpack_sheet.png
19:40:48.050 [JavaFX Application Thread] DEBUG AssetLoader          - Loading from cache: /assets/textures/RPGpack_sheet.png
19:40:48.050 [JavaFX Application Thread] DEBUG AssetLoader          - Loading from cache: /assets/textures/RPGpack_sheet.png
19:40:48.050 [JavaFX Application Thread] DEBUG AssetLoader          - Loading from cache: /assets/textures/RPGpack_sheet.png
19:40:48.050 [JavaFX Application Thread] DEBUG AssetLoader          - Loading from cache: /assets/textures/RPGpack_sheet.png
19:40:48.050 [JavaFX Application Thread] DEBUG AssetLoader          - Loading from cache: /assets/textures/RPGpack_sheet.png
19:40:48.050 [JavaFX Application Thread] DEBUG AssetLoader          - Loading from cache: /assets/textures/RPGpack_sheet.png
19:40:48.050 [JavaFX Application Thread] DEBUG AssetLoader          - Loading from cache: /assets/textures/RPGpack_sheet.png
19:40:48.050 [JavaFX Application Thread] DEBUG AssetLoader          - Loading from cache: /assets/textures/RPGpack_sheet.png
19:40:48.051 [JavaFX Application Thread] DEBUG AssetLoader          - Loading from cache: /assets/textures/RPGpack_sheet.png
19:40:48.051 [JavaFX Application Thread] DEBUG AssetLoader          - Loading from cache: /assets/textures/RPGpack_sheet.png
19:40:48.051 [JavaFX Application Thread] DEBUG AssetLoader          - Loading from cache: /assets/textures/RPGpack_sheet.png
19:40:48.051 [JavaFX Application Thread] DEBUG AssetLoader          - Loading from cache: /assets/textures/RPGpack_sheet.png
19:40:48.051 [JavaFX Application Thread] DEBUG AssetLoader          - Loading from cache: /assets/textures/RPGpack_sheet.png
19:40:48.051 [JavaFX Application Thread] DEBUG AssetLoader          - Loading from cache: /assets/textures/RPGpack_sheet.png
19:40:48.051 [JavaFX Application Thread] DEBUG AssetLoader          - Loading from cache: /assets/textures/RPGpack_sheet.png
19:40:48.051 [JavaFX Application Thread] DEBUG AssetLoader          - Loading from cache: /assets/textures/RPGpack_sheet.png
19:40:48.051 [JavaFX Application Thread] DEBUG AssetLoader          - Loading from cache: /assets/textures/RPGpack_sheet.png
19:40:48.051 [JavaFX Application Thread] DEBUG AssetLoader          - Loading from cache: /assets/textures/RPGpack_sheet.png
19:40:48.052 [JavaFX Application Thread] DEBUG AssetLoader          - Loading from cache: /assets/textures/RPGpack_sheet.png
19:40:48.052 [JavaFX Application Thread] DEBUG AssetLoader          - Loading from cache: /assets/textures/RPGpack_sheet.png
19:40:48.052 [JavaFX Application Thread] DEBUG AssetLoader          - Loading from cache: /assets/textures/RPGpack_sheet.png
19:40:48.052 [JavaFX Application Thread] DEBUG AssetLoader          - Loading from cache: /assets/textures/RPGpack_sheet.png
19:40:48.052 [JavaFX Application Thread] DEBUG AssetLoader          - Loading from cache: /assets/textures/RPGpack_sheet.png
19:40:48.052 [JavaFX Application Thread] DEBUG AssetLoader          - Loading from cache: /assets/textures/RPGpack_sheet.png
19:40:48.052 [JavaFX Application Thread] DEBUG AssetLoader          - Loading from cache: /assets/textures/RPGpack_sheet.png
19:40:48.052 [JavaFX Application Thread] DEBUG AssetLoader          - Loading from cache: /assets/textures/RPGpack_sheet.png
19:40:48.052 [JavaFX Application Thread] DEBUG AssetLoader          - Loading from cache: /assets/textures/RPGpack_sheet.png
19:40:48.052 [JavaFX Application Thread] DEBUG AssetLoader          - Loading from cache: /assets/textures/RPGpack_sheet.png
19:40:48.053 [JavaFX Application Thread] DEBUG AssetLoader          - Loading from cache: /assets/textures/RPGpack_sheet.png
19:40:48.053 [JavaFX Application Thread] DEBUG AssetLoader          - Loading from cache: /assets/textures/RPGpack_sheet.png
19:40:48.053 [JavaFX Application Thread] DEBUG AssetLoader          - Loading from cache: /assets/textures/RPGpack_sheet.png
19:40:48.053 [JavaFX Application Thread] DEBUG AssetLoader          - Loading from cache: /assets/textures/RPGpack_sheet.png
19:40:48.053 [JavaFX Application Thread] DEBUG AssetLoader          - Loading from cache: /assets/textures/RPGpack_sheet.png
19:40:48.053 [JavaFX Application Thread] DEBUG AssetLoader          - Loading from cache: /assets/textures/RPGpack_sheet.png
19:40:48.053 [JavaFX Application Thread] DEBUG AssetLoader          - Loading from cache: /assets/textures/RPGpack_sheet.png
19:40:48.053 [JavaFX Application Thread] DEBUG AssetLoader          - Loading from cache: /assets/textures/RPGpack_sheet.png
19:40:48.053 [JavaFX Application Thread] DEBUG AssetLoader          - Loading from cache: /assets/textures/RPGpack_sheet.png
19:40:48.053 [JavaFX Application Thread] DEBUG AssetLoader          - Loading from cache: /assets/textures/RPGpack_sheet.png
19:40:48.053 [JavaFX Application Thread] DEBUG AssetLoader          - Loading from cache: /assets/textures/RPGpack_sheet.png
19:40:48.054 [JavaFX Application Thread] DEBUG AssetLoader          - Loading from cache: /assets/textures/RPGpack_sheet.png
19:40:48.054 [JavaFX Application Thread] DEBUG AssetLoader          - Loading from cache: /assets/textures/RPGpack_sheet.png
19:40:48.054 [JavaFX Application Thread] DEBUG AssetLoader          - Loading from cache: /assets/textures/RPGpack_sheet.png
19:40:48.054 [JavaFX Application Thread] DEBUG AssetLoader          - Loading from cache: /assets/textures/RPGpack_sheet.png
19:40:48.082 [JavaFX Application Thread] DEBUG GameScene            - Creating render group for layer: DEFAULT(100000)
19:40:48.091 [JavaFX Application Thread] DEBUG Input                - Registered new binding: Move Left - Left
19:40:48.092 [JavaFX Application Thread] DEBUG Input                - Registered new binding: Move Right - Right
19:40:48.092 [JavaFX Application Thread] DEBUG Input                - Registered new binding: Move Up - Up
19:40:48.092 [JavaFX Application Thread] DEBUG Input                - Registered new binding: Move Down - Down
19:40:48.094 [JavaFX Application Thread] DEBUG AssetLoader          - Loading from cache: /assets/ui/fonts/VarelaRound-Regular.ttf
19:40:48.095 [JavaFX Application Thread] DEBUG AssetLoader          - Loading from disk: /assets/textures/morningstar.png
19:40:48.099 [JavaFX Application Thread] DEBUG AssetLoader          - Loading from disk: /assets/textures/mediumarmor.png
19:40:48.252 [JavaFX Application Thread] DEBUG AssetLoader          - Loading from cache: /assets/ui/fonts/VarelaRound-Regular.ttf
19:40:48.265 [JavaFX Application Thread] DEBUG AssetLoader          - Loading from cache: /assets/textures/mediumarmor.png
19:40:48.265 [JavaFX Application Thread] DEBUG AssetLoader          - Loading from cache: /assets/textures/morningstar.png
19:40:48.268 [JavaFX Application Thread] DEBUG AssetLoader          - Loading from cache: /assets/ui/fonts/VarelaRound-Regular.ttf
19:40:50.205 [JavaFX Application Thread] DEBUG FXGL                 - Exiting FXGL
19:40:50.205 [JavaFX Application Thread] DEBUG FXGL                 - Shutting down background threads
19:40:50.206 [JavaFX Application Thread] DEBUG FXGL                 - Saving FXGL system data
19:40:50.209 [JavaFX Application Thread] DEBUG DesktopFSService     - Writing to: system\fxgl.bundle
19:40:50.212 [JavaFX Application Thread] DEBUG FXGL                 - Closing logger and exiting JavaFX
